<?xml version="1.0" encoding="UTF-8"?>
<!-- Generated by org.testng.reporters.JUnitXMLReporter -->
<testsuite hostname="192.168.2.11" ignored="0" name="192.168.56.101:5555" tests="3" failures="1" timestamp="2022-10-23T06:44:54 ICT" time="0.321" errors="0">
  <testcase name="@AfterMethod captureScreenshot" time="0.002" classname="tests.BaseTest">
    <failure type="java.lang.IllegalArgumentException" message="Please provide hub ip address via env variable [hub]!">
      <![CDATA[java.lang.IllegalArgumentException: Please provide hub ip address via env variable [hub]!
at driver.DriverFactory.getDriver(DriverFactory.java:65)
at tests.BaseTest.getDriver(BaseTest.java:35)
at tests.BaseTest.captureScreenshot(BaseTest.java:78)
at java.util.ArrayList.forEach(ArrayList.java:1259)
at java.util.concurrent.FutureTask.run(FutureTask.java:266)
at java.util.concurrent.ThreadPoolExecutor.runWorker(ThreadPoolExecutor.java:1149)
at java.util.concurrent.ThreadPoolExecutor$Worker.run(ThreadPoolExecutor.java:624)
at java.lang.Thread.run(Thread.java:748)
... Removed 23 stack frames]]>
    </failure>
  </testcase> <!-- @AfterMethod captureScreenshot -->
  <testcase name="@AfterMethod captureScreenshot" time="0.009" classname="tests.BaseTest">
    <failure type="java.lang.IllegalArgumentException" message="Please provide hub ip address via env variable [hub]!">
      <![CDATA[java.lang.IllegalArgumentException: Please provide hub ip address via env variable [hub]!
at driver.DriverFactory.getDriver(DriverFactory.java:65)
at tests.BaseTest.getDriver(BaseTest.java:35)
at tests.BaseTest.captureScreenshot(BaseTest.java:78)
at java.util.ArrayList.forEach(ArrayList.java:1259)
at java.util.concurrent.FutureTask.run(FutureTask.java:266)
at java.util.concurrent.ThreadPoolExecutor.runWorker(ThreadPoolExecutor.java:1149)
at java.util.concurrent.ThreadPoolExecutor$Worker.run(ThreadPoolExecutor.java:624)
at java.lang.Thread.run(Thread.java:748)
... Removed 23 stack frames]]>
    </failure>
  </testcase> <!-- @AfterMethod captureScreenshot -->
  <testcase name="@AfterMethod captureScreenshot" time="0.0" classname="tests.BaseTest">
    <skipped/>
  </testcase> <!-- @AfterMethod captureScreenshot -->
  <testcase name="@AfterMethod captureScreenshot" time="0.0" classname="tests.BaseTest">
    <skipped/>
  </testcase> <!-- @AfterMethod captureScreenshot -->
  <testcase name="testLogin" time="0.009" classname="tests.authen.LoginTestWithBaseTest">
    <failure type="java.lang.IllegalArgumentException" message="Please provide hub ip address via env variable [hub]!">
      <![CDATA[java.lang.IllegalArgumentException: Please provide hub ip address via env variable [hub]!
at driver.DriverFactory.getDriver(DriverFactory.java:65)
at tests.BaseTest.getDriver(BaseTest.java:35)
at tests.authen.LoginTestWithBaseTest.testLogin(LoginTestWithBaseTest.java:20)
at java.util.ArrayList.forEach(ArrayList.java:1259)
at java.util.concurrent.FutureTask.run(FutureTask.java:266)
at java.util.concurrent.ThreadPoolExecutor.runWorker(ThreadPoolExecutor.java:1149)
at java.util.concurrent.ThreadPoolExecutor$Worker.run(ThreadPoolExecutor.java:624)
at java.lang.Thread.run(Thread.java:748)
... Removed 18 stack frames]]>
    </failure>
  </testcase> <!-- testLogin -->
  <testcase name="testLogin" time="0.0" classname="tests.authen.LoginTestWithBaseTest">
    <skipped/>
  </testcase> <!-- testLogin -->
  <testcase name="testLogin" time="0.0" classname="tests.authen.LoginTestWithBaseTest">
    <skipped/>
  </testcase> <!-- testLogin -->
</testsuite> <!-- 192.168.56.101:5555 -->
