<?xml version="1.0" encoding="UTF-8"?>
<!-- Generated by org.testng.reporters.JUnitXMLReporter -->
<testsuite hostname="192.168.2.11" ignored="0" name="2a5c6ce504057ece" tests="1" failures="1" timestamp="2022-10-23T06:44:54 ICT" time="0.307" errors="0">
  <testcase name="@AfterMethod captureScreenshot" time="0.009" classname="tests.BaseTest">
    <failure type="java.lang.IllegalArgumentException" message="Please provide hub ip address via env variable [hub]!">
      <![CDATA[java.lang.IllegalArgumentException: Please provide hub ip address via env variable [hub]!
at driver.DriverFactory.getDriver(DriverFactory.java:65)
at tests.BaseTest.getDriver(BaseTest.java:35)
at tests.BaseTest.captureScreenshot(BaseTest.java:78)
at java.util.ArrayList.forEach(ArrayList.java:1259)
at java.util.concurrent.FutureTask.run(FutureTask.java:266)
at java.util.concurrent.ThreadPoolExecutor.runWorker(ThreadPoolExecutor.java:1149)
at java.util.concurrent.ThreadPoolExecutor$Worker.run(ThreadPoolExecutor.java:624)
at java.lang.Thread.run(Thread.java:748)
... Removed 23 stack frames]]>
    </failure>
  </testcase> <!-- @AfterMethod captureScreenshot -->
  <testcase name="testFormInput" time="0.09" classname="tests.form.FormTest">
    <failure type="java.lang.IllegalArgumentException" message="Please provide hub ip address via env variable [hub]!">
      <![CDATA[java.lang.IllegalArgumentException: Please provide hub ip address via env variable [hub]!
at driver.DriverFactory.getDriver(DriverFactory.java:65)
at tests.BaseTest.getDriver(BaseTest.java:35)
at tests.form.FormTest.testFormInput(FormTest.java:14)
at java.util.ArrayList.forEach(ArrayList.java:1259)
at java.util.concurrent.FutureTask.run(FutureTask.java:266)
at java.util.concurrent.ThreadPoolExecutor.runWorker(ThreadPoolExecutor.java:1149)
at java.util.concurrent.ThreadPoolExecutor$Worker.run(ThreadPoolExecutor.java:624)
at java.lang.Thread.run(Thread.java:748)
... Removed 18 stack frames]]>
    </failure>
  </testcase> <!-- testFormInput -->
</testsuite> <!-- 2a5c6ce504057ece -->
